Unable to capture context for thread 7180 in process 3592, can not generate back trace
Exception at PC 0x00007FFEE7ADBB93
Printing stacktrace...

[0]  [0x00007FFEE7ADBB93]
[1]  [0x00007FFEE7ADBB93]
[2]  [0x00007FFEE7ADB4A1]
[3]  [0x00007FFEE7ADB3EF]
[4]  [0x00007FFEE7AC19FE]
[5]  [0x00007FFEE7AC0ED1]
[6]  [0x00007FFEE7AC0D76]
[7]  [0x00007FFEE7A679F6]
[8]  [0x00007FFEE7A57AFB]
[9]  [0x00007FFEE7B7E90A]
[10]  [0x00007FFEE7B99F87]
[11]  [0x00007FFEE7B9A05F]
[12] (BaseThreadInitThunk+0x14) [0x00007FFF6E281FE4]
[13] (RtlUserThreadStart+0x21) [0x00007FFF6EA8EFC1]
Done
Exception at PC 0x00007FFEE77E1A52
Attemped to write at address 0x00007FFF44F8ABA4
Printing stacktrace...

[0]  [0x00007FFEE77E1A52]
[1]  [0x00007FFEE77E1A52]
[2]  [0x00007FFEE77E1AD4]
[3]  [0x00007FFEE7923FF7]
[4]  [0x00007FFEE7809128]
[5]  [0x00007FFEE7ABDFB9]
[6]  [0x00007FFEE7C8EF23]
[7]  [0x00007FFEE7B9B06B]
[8]  [0x00007FFEE7B908AF]
[9]  [0x00007FFEE7B90A32]
[10] (RtlDeactivateActivationContextUnsafeFast+0x1b3) [0x00007FFF6EA31493]
[11] (LdrShutdownProcess+0x125) [0x00007FFF6EA606B5]
[12] (RtlExitUserProcess+0xb4) [0x00007FFF6EA60574]
[13] (ExitProcess+0xa) [0x00007FFF6E27F06A]
[14] (exit+0x75) [0x00007FFF6C419B25]
[15] (initterm_e+0x21d) [0x00007FFF6C41A16D]
[16]  [0x00000000004014CD]
[17]  [0x000000000040151B]
[18] (BaseThreadInitThunk+0x14) [0x00007FFF6E281FE4]
[19] (RtlUserThreadStart+0x21) [0x00007FFF6EA8EFC1]
Done
